30-Apr-2019 08:53:54.136 INFO com.visa.tef.controller.TEFTransactionManager.getTEFAuthorization(TEFTransactionManager.java:172) REQUEST__dataf001: 01,62400,0,0,KIOSKO_602,000A7UC5,783533,010107308,0,0,dataf001,7b 
30-Apr-2019 08:54:02.505 DEBUG com.visa.tef.controller.comm.TEFAuthorizationWorker.trace(TEFAuthorizationWorker.java:282) [dataf001: RECV] 00 65 02 00 96 36 30 30 30 30 30 30 30 30 30 31 30 30 30 20 20 30 1c 34 30 00 00 1c 34 31 00 00 1c 38 30 00 00 1c 34 32 00 00 1c 34 35 00 00 1c 35 33 00 00 1c 37 37 00 00 1c 38 31 00 00 1c 38 32 00 00 1c 38 33 00 00 1c 38 34 00 00 1c 39 35 00 13 36 30 31 33 36 37 2a 2a 2a 2a 2a 2a 2a 2a 2a 2a 20 20 20 03 94  
30-Apr-2019 08:54:02.525 DEBUG com.visa.tef.controller.comm.TEFAuthorizationWorker.trace(TEFAuthorizationWorker.java:282) [dataf001: SEND] 00 01 06  
30-Apr-2019 08:54:02.530 DEBUG com.visa.tef.controller.comm.TEFAuthorizationWorker.trace(TEFAuthorizationWorker.java:282) [dataf001: SEND] 00 c8 02 01 95 36 30 30 30 30 30 30 30 30 30 31 30 30 30 30 30 30 1c 34 30 00 0c 30 30 30 30 30 30 30 36 32 34 30 30 1c 34 31 00 0c 30 30 30 30 30 30 30 30 30 30 30 30 1c 38 30 00 0c 30 30 30 30 30 30 30 30 30 30 30 30 1c 34 32 00 0a 4b 49 4f 53 4b 4f 5f 36 30 32 1c 34 35 00 08 30 30 30 41 37 55 43 35 1c 35 33 00 0a 37 38 33 35 33 33 20 20 20 20 1c 37 37 00 17 30 31 30 31 30 37 33 30 38 20 20 20 20 20 20 20 20 20 20 20 20 20 20 1c 38 31 00 0c 30 30 30 30 30 30 30 30 30 30 30 30 1c 38 32 00 0c 30 30 30 30 30 30 30 30 30 30 30 30 1c 38 33 00 0c 64 61 74 61 66 30 30 31 20 20 20 20 1c 38 34 00 00 03 c9  
30-Apr-2019 08:54:03.305 DEBUG com.visa.tef.controller.comm.TEFAuthorizationWorker.trace(TEFAuthorizationWorker.java:282) [dataf001: RECV] 00 01 06  
30-Apr-2019 08:54:17.585 DEBUG com.visa.tef.controller.comm.TEFAuthorizationWorker.trace(TEFAuthorizationWorker.java:282) [dataf001: RECV] 01 45 02 03 20 36 30 30 30 30 30 30 30 30 30 31 32 30 30 30 30 30 1c 30 31 00 06 35 32 35 38 30 31 1c 34 30 00 0c 30 30 30 30 30 30 30 36 32 34 30 30 1c 34 31 00 0c 30 30 30 30 30 30 30 30 30 30 30 30 1c 38 30 00 0c 30 30 30 30 30 30 30 30 30 30 30 30 1c 34 33 00 06 30 30 30 33 35 33 1c 34 34 00 06 30 30 30 36 38 36 1c 34 35 00 08 30 30 30 41 37 55 43 35 1c 34 36 00 06 31 39 30 34 33 30 1c 34 37 00 04 30 38 35 34 1c 34 38 00 02 30 30 1c 34 39 00 0a 4d 41 53 54 45 52 43 41 52 44 1c 35 30 00 02 44 42 1c 35 31 00 02 30 30 1c 35 34 00 04 37 39 39 32 1c 37 35 00 06 36 30 31 33 36 37 1c 37 36 00 04 31 38 31 32 1c 37 37 00 17 30 31 30 31 30 37 33 30 38 20 20 20 20 20 20 20 20 20 20 20 20 20 20 1c 37 38 00 17 43 61 6c 6c 65 20 36 34 20 32 31 2d 30 35 20 20 20 20 20 20 20 20 20 1c 37 39 00 02 30 30 1c 38 35 00 0c 30 30 30 30 30 30 30 30 30 30 30 30 1c 38 36 00 0c 30 30 30 30 30 30 30 30 30 30 30 30 1c 39 35 00 13 36 30 31 33 36 37 2a 2a 2a 2a 2a 2a 2a 2a 2a 2a 20 20 20 03 3f  
30-Apr-2019 08:54:17.585 DEBUG com.visa.tef.controller.comm.TEFAuthorizationWorker.trace(TEFAuthorizationWorker.java:282) [dataf001: SEND] 00 01 06  
30-Apr-2019 08:54:17.585 INFO com.visa.tef.controller.TEFTransactionManager.getTEFAuthorization(TEFTransactionManager.java:322) RESPONSE_dataf001: 00,525801,000000062400,000000000000,000000000000,KIOSKO_602,000353,000686,000A7UC5,190430,0854,00,MASTERCARD,DB,00,783533    ,7992,601367,1812,010107308              ,Calle 64 21-05         ,00,000000000000,000000000000 
30-Apr-2019 09:51:02.287 INFO com.visa.tef.controller.TEFTransactionManager.getTEFAuthorization(TEFTransactionManager.java:172) REQUEST__dataf001: 01,31200,0,0,KIOSKO_602,000A7UC5,680752,010107308,0,0,dataf001,7c 
30-Apr-2019 09:51:11.776 DEBUG com.visa.tef.controller.comm.TEFAuthorizationWorker.trace(TEFAuthorizationWorker.java:282) [dataf001: RECV] 00 65 02 00 96 36 30 30 30 30 30 30 30 30 30 31 30 30 30 20 20 30 1c 34 30 00 00 1c 34 31 00 00 1c 38 30 00 00 1c 34 32 00 00 1c 34 35 00 00 1c 35 33 00 00 1c 37 37 00 00 1c 38 31 00 00 1c 38 32 00 00 1c 38 33 00 00 1c 38 34 00 00 1c 39 35 00 13 35 38 39 35 31 34 2a 2a 2a 2a 2a 2a 2a 2a 2a 2a 2a 2a 2a 03 9f  
30-Apr-2019 09:51:11.776 DEBUG com.visa.tef.controller.comm.TEFAuthorizationWorker.trace(TEFAuthorizationWorker.java:282) [dataf001: SEND] 00 01 06  
30-Apr-2019 09:51:11.776 DEBUG com.visa.tef.controller.comm.TEFAuthorizationWorker.trace(TEFAuthorizationWorker.java:282) [dataf001: SEND] 00 c8 02 01 95 36 30 30 30 30 30 30 30 30 30 31 30 30 30 30 30 30 1c 34 30 00 0c 30 30 30 30 30 30 30 33 31 32 30 30 1c 34 31 00 0c 30 30 30 30 30 30 30 30 30 30 30 30 1c 38 30 00 0c 30 30 30 30 30 30 30 30 30 30 30 30 1c 34 32 00 0a 4b 49 4f 53 4b 4f 5f 36 30 32 1c 34 35 00 08 30 30 30 41 37 55 43 35 1c 35 33 00 0a 36 38 30 37 35 32 20 20 20 20 1c 37 37 00 17 30 31 30 31 30 37 33 30 38 20 20 20 20 20 20 20 20 20 20 20 20 20 20 1c 38 31 00 0c 30 30 30 30 30 30 30 30 30 30 30 30 1c 38 32 00 0c 30 30 30 30 30 30 30 30 30 30 30 30 1c 38 33 00 0c 64 61 74 61 66 30 30 31 20 20 20 20 1c 38 34 00 00 03 ce  
30-Apr-2019 09:51:12.337 DEBUG com.visa.tef.controller.comm.TEFAuthorizationWorker.trace(TEFAuthorizationWorker.java:282) [dataf001: RECV] 00 01 06  
30-Apr-2019 09:51:29.669 DEBUG com.visa.tef.controller.comm.TEFAuthorizationWorker.trace(TEFAuthorizationWorker.java:282) [dataf001: RECV] 01 45 02 03 20 36 30 30 30 30 30 30 30 30 30 31 32 30 30 30 30 30 1c 30 31 00 06 30 39 35 31 32 37 1c 34 30 00 0c 30 30 30 30 30 30 30 33 31 32 30 30 1c 34 31 00 0c 30 30 30 30 30 30 30 30 30 30 30 30 1c 38 30 00 0c 30 30 30 30 30 30 30 30 30 30 30 30 1c 34 33 00 06 30 30 30 33 35 34 1c 34 34 00 06 30 30 30 36 38 37 1c 34 35 00 08 30 30 30 41 37 55 43 35 1c 34 36 00 06 31 39 30 34 33 30 1c 34 37 00 04 30 39 35 31 1c 34 38 00 02 30 30 1c 34 39 00 0a 4d 41 53 54 45 52 43 41 52 44 1c 35 30 00 02 44 42 1c 35 31 00 02 30 30 1c 35 34 00 04 30 34 37 30 1c 37 35 00 06 35 38 39 35 31 34 1c 37 36 00 04 32 33 31 32 1c 37 37 00 17 30 31 30 31 30 37 33 30 38 20 20 20 20 20 20 20 20 20 20 20 20 20 20 1c 37 38 00 17 43 61 6c 6c 65 20 36 34 20 32 31 2d 30 35 20 20 20 20 20 20 20 20 20 1c 37 39 00 02 30 30 1c 38 35 00 0c 30 30 30 30 30 30 30 30 30 30 30 30 1c 38 36 00 0c 30 30 30 30 30 30 30 30 30 30 30 30 1c 39 35 00 13 35 38 39 35 31 34 2a 2a 2a 2a 2a 2a 2a 2a 2a 2a 2a 2a 2a 03 3a  
30-Apr-2019 09:51:29.669 DEBUG com.visa.tef.controller.comm.TEFAuthorizationWorker.trace(TEFAuthorizationWorker.java:282) [dataf001: SEND] 00 01 06  
30-Apr-2019 09:51:29.685 INFO com.visa.tef.controller.TEFTransactionManager.getTEFAuthorization(TEFTransactionManager.java:322) RESPONSE_dataf001: 00,095127,000000031200,000000000000,000000000000,KIOSKO_602,000354,000687,000A7UC5,190430,0951,00,MASTERCARD,DB,00,680752    ,0470,589514,2312,010107308              ,Calle 64 21-05         ,00,000000000000,000000000000 
30-Apr-2019 09:55:37.404 INFO com.visa.tef.controller.TEFTransactionManager.getTEFAuthorization(TEFTransactionManager.java:172) REQUEST__dataf001: 01,31200,0,0,KIOSKO_602,000A7UC5,20382,010107308,0,0,dataf001,49 
30-Apr-2019 09:55:43.837 DEBUG com.visa.tef.controller.comm.TEFAuthorizationWorker.trace(TEFAuthorizationWorker.java:282) [dataf001: RECV] 00 65 02 00 96 36 30 30 30 30 30 30 30 30 30 31 30 30 30 20 20 30 1c 34 30 00 00 1c 34 31 00 00 1c 38 30 00 00 1c 34 32 00 00 1c 34 35 00 00 1c 35 33 00 00 1c 37 37 00 00 1c 38 31 00 00 1c 38 32 00 00 1c 38 33 00 00 1c 38 34 00 00 1c 39 35 00 13 34 39 31 35 31 31 2a 2a 2a 2a 2a 2a 2a 2a 2a 2a 20 20 20 03 98  
30-Apr-2019 09:55:43.837 DEBUG com.visa.tef.controller.comm.TEFAuthorizationWorker.trace(TEFAuthorizationWorker.java:282) [dataf001: SEND] 00 01 06  
30-Apr-2019 09:55:43.837 DEBUG com.visa.tef.controller.comm.TEFAuthorizationWorker.trace(TEFAuthorizationWorker.java:282) [dataf001: SEND] 00 c8 02 01 95 36 30 30 30 30 30 30 30 30 30 31 30 30 30 30 30 30 1c 34 30 00 0c 30 30 30 30 30 30 30 33 31 32 30 30 1c 34 31 00 0c 30 30 30 30 30 30 30 30 30 30 30 30 1c 38 30 00 0c 30 30 30 30 30 30 30 30 30 30 30 30 1c 34 32 00 0a 4b 49 4f 53 4b 4f 5f 36 30 32 1c 34 35 00 08 30 30 30 41 37 55 43 35 1c 35 33 00 0a 32 30 33 38 32 20 20 20 20 20 1c 37 37 00 17 30 31 30 31 30 37 33 30 38 20 20 20 20 20 20 20 20 20 20 20 20 20 20 1c 38 31 00 0c 30 30 30 30 30 30 30 30 30 30 30 30 1c 38 32 00 0c 30 30 30 30 30 30 30 30 30 30 30 30 1c 38 33 00 0c 64 61 74 61 66 30 30 31 20 20 20 20 1c 38 34 00 00 03 db  
30-Apr-2019 09:55:44.352 DEBUG com.visa.tef.controller.comm.TEFAuthorizationWorker.trace(TEFAuthorizationWorker.java:282) [dataf001: RECV] 00 01 06  
30-Apr-2019 09:56:00.685 DEBUG com.visa.tef.controller.comm.TEFAuthorizationWorker.trace(TEFAuthorizationWorker.java:282) [dataf001: RECV] 01 45 02 03 20 36 30 30 30 30 30 30 30 30 30 31 32 30 30 30 30 30 1c 30 31 00 06 36 36 31 30 39 34 1c 34 30 00 0c 30 30 30 30 30 30 30 33 31 32 30 30 1c 34 31 00 0c 30 30 30 30 30 30 30 30 30 30 30 30 1c 38 30 00 0c 30 30 30 30 30 30 30 30 30 30 30 30 1c 34 33 00 06 30 30 30 33 35 35 1c 34 34 00 06 30 30 30 36 38 38 1c 34 35 00 08 30 30 30 41 37 55 43 35 1c 34 36 00 06 31 39 30 34 33 30 1c 34 37 00 04 30 39 35 35 1c 34 38 00 02 30 30 1c 34 39 00 0a 56 49 53 41 20 20 20 20 20 20 1c 35 30 00 02 45 4c 1c 35 31 00 02 30 30 1c 35 34 00 04 38 39 32 33 1c 37 35 00 06 34 39 31 35 31 31 1c 37 36 00 04 32 33 31 32 1c 37 37 00 17 30 31 30 31 30 37 33 30 38 20 20 20 20 20 20 20 20 20 20 20 20 20 20 1c 37 38 00 17 43 61 6c 6c 65 20 36 34 20 32 31 2d 30 35 20 20 20 20 20 20 20 20 20 1c 37 39 00 02 30 30 1c 38 35 00 0c 30 30 30 30 30 30 30 30 30 30 30 30 1c 38 36 00 0c 30 30 30 30 30 30 30 30 30 30 30 30 1c 39 35 00 13 34 39 31 35 31 31 2a 2a 2a 2a 2a 2a 2a 2a 2a 2a 20 20 20 03 37  
30-Apr-2019 09:56:00.685 DEBUG com.visa.tef.controller.comm.TEFAuthorizationWorker.trace(TEFAuthorizationWorker.java:282) [dataf001: SEND] 00 01 06  
30-Apr-2019 09:56:00.685 INFO com.visa.tef.controller.TEFTransactionManager.getTEFAuthorization(TEFTransactionManager.java:322) RESPONSE_dataf001: 00,661094,000000031200,000000000000,000000000000,KIOSKO_602,000355,000688,000A7UC5,190430,0955,00,VISA      ,EL,00,20382     ,8923,491511,2312,010107308              ,Calle 64 21-05         ,00,000000000000,000000000000 
30-Apr-2019 10:01:23.047 INFO com.visa.tef.controller.TEFTransactionManager.getTEFAuthorization(TEFTransactionManager.java:172) REQUEST__dataf001: 01,31200,0,0,KIOSKO_602,000A7UC5,461273,010107308,0,0,dataf001,77 
30-Apr-2019 10:01:43.052 ERROR com.visa.tef.controller.TEFTransactionManager.getTEFAuthorization(TEFTransactionManager.java:284) ERROR_dataf001 
com.visa.tef.exception.TefException: ERROR_TIME_OUT
	at com.visa.tef.controller.comm.TEFAuthorizationWorker.receiveRequest(TEFAuthorizationWorker.java:67)
	at com.visa.tef.controller.TEFTransactionManager.getTEFAuthorization(TEFTransactionManager.java:209)
	at com.visa.tef.controller.TEFWorker.processRequest(TEFWorker.java:73)
	at com.visa.tef.controller.TEFWorker.run(TEFWorker.java:49)
30-Apr-2019 10:01:43.052 DEBUG com.visa.tef.controller.comm.TEFAuthorizationWorker.trace(TEFAuthorizationWorker.java:282) [dataf001: SEND] 00 01 15  
30-Apr-2019 10:01:43.052 ERROR com.visa.tef.controller.comm.TEFAuthorizationWorker.sendData(TEFAuthorizationWorker.java:128) ERROR_dataf001 
java.io.IOException: Unavailable socket
	at com.visa.tef.controller.comm.TEFAuthorizationWorker.getBos(TEFAuthorizationWorker.java:258)
	at com.visa.tef.controller.comm.TEFAuthorizationWorker.sendData(TEFAuthorizationWorker.java:119)
	at com.visa.tef.controller.comm.TEFAuthorizationWorker.sendFormattedData(TEFAuthorizationWorker.java:136)
	at com.visa.tef.controller.comm.TEFAuthorizationWorker.refusesMessage(TEFAuthorizationWorker.java:172)
	at com.visa.tef.controller.TEFTransactionManager.getTEFAuthorization(TEFTransactionManager.java:291)
	at com.visa.tef.controller.TEFWorker.processRequest(TEFWorker.java:73)
	at com.visa.tef.controller.TEFWorker.run(TEFWorker.java:49)
30-Apr-2019 10:01:43.052 INFO com.visa.tef.controller.TEFTransactionManager.getTEFAuthorization(TEFTransactionManager.java:322) RESPONSE_dataf001: 05,,000000031200,000000000000,000000000000,KIOSKO_602,,,000A7UC5,,,,,,,461273    ,,,,010107308              ,,,, 
30-Apr-2019 10:10:23.267 INFO com.visa.tef.controller.TEFTransactionManager.getTEFAuthorization(TEFTransactionManager.java:172) REQUEST__dataf001: 01,22000,0,0,KIOSKO_602,000A7UDV,648899,010811792,0,0,dataf001,1d 
30-Apr-2019 10:10:43.275 ERROR com.visa.tef.controller.TEFTransactionManager.getTEFAuthorization(TEFTransactionManager.java:284) ERROR_dataf001 
com.visa.tef.exception.TefException: ERROR_TIME_OUT
	at com.visa.tef.controller.comm.TEFAuthorizationWorker.receiveRequest(TEFAuthorizationWorker.java:67)
	at com.visa.tef.controller.TEFTransactionManager.getTEFAuthorization(TEFTransactionManager.java:209)
	at com.visa.tef.controller.TEFWorker.processRequest(TEFWorker.java:73)
	at com.visa.tef.controller.TEFWorker.run(TEFWorker.java:49)
30-Apr-2019 10:10:43.275 DEBUG com.visa.tef.controller.comm.TEFAuthorizationWorker.trace(TEFAuthorizationWorker.java:282) [dataf001: SEND] 00 01 15  
30-Apr-2019 10:10:43.275 ERROR com.visa.tef.controller.comm.TEFAuthorizationWorker.sendData(TEFAuthorizationWorker.java:128) ERROR_dataf001 
java.io.IOException: Unavailable socket
	at com.visa.tef.controller.comm.TEFAuthorizationWorker.getBos(TEFAuthorizationWorker.java:258)
	at com.visa.tef.controller.comm.TEFAuthorizationWorker.sendData(TEFAuthorizationWorker.java:119)
	at com.visa.tef.controller.comm.TEFAuthorizationWorker.sendFormattedData(TEFAuthorizationWorker.java:136)
	at com.visa.tef.controller.comm.TEFAuthorizationWorker.refusesMessage(TEFAuthorizationWorker.java:172)
	at com.visa.tef.controller.TEFTransactionManager.getTEFAuthorization(TEFTransactionManager.java:291)
	at com.visa.tef.controller.TEFWorker.processRequest(TEFWorker.java:73)
	at com.visa.tef.controller.TEFWorker.run(TEFWorker.java:49)
30-Apr-2019 10:10:43.275 INFO com.visa.tef.controller.TEFTransactionManager.getTEFAuthorization(TEFTransactionManager.java:322) RESPONSE_dataf001: 05,,000000022000,000000000000,000000000000,KIOSKO_602,,,000A7UDV,,,,,,,648899    ,,,,010811792              ,,,, 
30-Apr-2019 10:10:47.643 INFO com.visa.tef.controller.TEFTransactionManager.getTEFAuthorization(TEFTransactionManager.java:172) REQUEST__dataf001: 01,22000,0,0,KIOSKO_602,000A7UDV,648899,010811792,0,0,dataf001,1d 
30-Apr-2019 10:10:47.644 DEBUG com.visa.tef.controller.comm.TEFAuthorizationWorker.trace(TEFAuthorizationWorker.java:282) [dataf001: RECV] 00 65 02 00 96 36 30 30 30 30 30 30 30 30 30 31 30 30 30 20 20 30 1c 34 30 00 00 1c 34 31 00 00 1c 38 30 00 00 1c 34 32 00 00 1c 34 35 00 00 1c 35 33 00 00 1c 37 37 00 00 1c 38 31 00 00 1c 38 32 00 00 1c 38 33 00 00 1c 38 34 00 00 1c 39 35 00 13 36 30 31 36 36 30 2a 2a 2a 2a 2a 2a 2a 2a 2a 2a 20 20 20 03 96  
30-Apr-2019 10:10:47.644 DEBUG com.visa.tef.controller.comm.TEFAuthorizationWorker.trace(TEFAuthorizationWorker.java:282) [dataf001: SEND] 00 01 06  
30-Apr-2019 10:10:47.644 DEBUG com.visa.tef.controller.comm.TEFAuthorizationWorker.trace(TEFAuthorizationWorker.java:282) [dataf001: SEND] 00 c8 02 01 95 36 30 30 30 30 30 30 30 30 30 31 30 30 30 30 30 30 1c 34 30 00 0c 30 30 30 30 30 30 30 32 32 30 30 30 1c 34 31 00 0c 30 30 30 30 30 30 30 30 30 30 30 30 1c 38 30 00 0c 30 30 30 30 30 30 30 30 30 30 30 30 1c 34 32 00 0a 4b 49 4f 53 4b 4f 5f 36 30 32 1c 34 35 00 08 30 30 30 41 37 55 44 56 1c 35 33 00 0a 36 34 38 38 39 39 20 20 20 20 1c 37 37 00 17 30 31 30 38 31 31 37 39 32 20 20 20 20 20 20 20 20 20 20 20 20 20 20 1c 38 31 00 0c 30 30 30 30 30 30 30 30 30 30 30 30 1c 38 32 00 0c 30 30 30 30 30 30 30 30 30 30 30 30 1c 38 33 00 0c 64 61 74 61 66 30 30 31 20 20 20 20 1c 38 34 00 00 03 af  
30-Apr-2019 10:10:48.301 DEBUG com.visa.tef.controller.comm.TEFAuthorizationWorker.trace(TEFAuthorizationWorker.java:282) [dataf001: RECV] 00 01 06  
30-Apr-2019 10:10:55.836 DEBUG com.visa.tef.controller.comm.TEFAuthorizationWorker.trace(TEFAuthorizationWorker.java:282) [dataf001: RECV] 01 45 02 03 20 36 30 30 30 30 30 30 30 30 30 31 32 30 30 30 30 30 1c 30 31 00 06 31 30 31 30 35 34 1c 34 30 00 0c 30 30 30 30 30 30 30 32 32 30 30 30 1c 34 31 00 0c 30 30 30 30 30 30 30 30 30 30 30 30 1c 38 30 00 0c 30 30 30 30 30 30 30 30 30 30 30 30 1c 34 33 00 06 30 30 30 33 35 36 1c 34 34 00 06 30 30 30 36 38 39 1c 34 35 00 08 30 30 30 41 37 55 44 56 1c 34 36 00 06 31 39 30 34 33 30 1c 34 37 00 04 31 30 31 30 1c 34 38 00 02 30 30 1c 34 39 00 0a 4d 41 53 54 45 52 43 41 52 44 1c 35 30 00 02 44 42 1c 35 31 00 02 30 30 1c 35 34 00 04 39 36 32 39 1c 37 35 00 06 36 30 31 36 36 30 1c 37 36 00 04 30 30 30 30 1c 37 37 00 17 30 31 30 38 31 31 37 39 32 20 20 20 20 20 20 20 20 20 20 20 20 20 20 1c 37 38 00 17 41 37 55 43 35 20 20 20 20 20 20 20 20 20 20 20 20 20 20 20 20 20 20 1c 37 39 00 02 30 30 1c 38 35 00 0c 30 30 30 30 30 30 30 30 30 30 30 30 1c 38 36 00 0c 30 30 30 30 30 30 30 30 30 30 30 30 1c 39 35 00 13 36 30 31 36 36 30 2a 2a 2a 2a 2a 2a 2a 2a 2a 2a 20 20 20 03 4b  
30-Apr-2019 10:10:55.836 DEBUG com.visa.tef.controller.comm.TEFAuthorizationWorker.trace(TEFAuthorizationWorker.java:282) [dataf001: SEND] 00 01 06  
30-Apr-2019 10:10:55.836 INFO com.visa.tef.controller.TEFTransactionManager.getTEFAuthorization(TEFTransactionManager.java:322) RESPONSE_dataf001: 00,101054,000000022000,000000000000,000000000000,KIOSKO_602,000356,000689,000A7UDV,190430,1010,00,MASTERCARD,DB,00,648899    ,9629,601660,0000,010811792              ,A7UC5                  ,00,000000000000,000000000000 
30-Apr-2019 10:28:03.488 INFO com.visa.tef.controller.TEFTransactionManager.getTEFAuthorization(TEFTransactionManager.java:172) REQUEST__dataf001: 01,31200,0,0,KIOSKO_602,000A7UC5,515200,010107308,0,0,dataf001,71 
30-Apr-2019 10:28:23.380 DEBUG com.visa.tef.controller.comm.TEFAuthorizationWorker.trace(TEFAuthorizationWorker.java:282) [dataf001: RECV] 00 65 02 00 96 36 30 30 30 30 30 30 30 30 30 31 30 30 30 20 20 30 1c 34 30 00 00 1c 34 31 00 00 1c 38 30 00 00 1c 34 32 00 00 1c 34 35 00 00 1c 35 33 00 00 1c 37 37 00 00 1c 38 31 00 00 1c 38 32 00 00 1c 38 33 00 00 1c 38 34 00 00 1c 39 35 00 13 35 33 30 36 39 31 2a 2a 2a 2a 2a 2a 2a 2a 2a 2a 20 20 20 03 99  
30-Apr-2019 10:28:23.380 DEBUG com.visa.tef.controller.comm.TEFAuthorizationWorker.trace(TEFAuthorizationWorker.java:282) [dataf001: SEND] 00 01 06  
30-Apr-2019 10:28:23.380 DEBUG com.visa.tef.controller.comm.TEFAuthorizationWorker.trace(TEFAuthorizationWorker.java:282) [dataf001: SEND] 00 c8 02 01 95 36 30 30 30 30 30 30 30 30 30 31 30 30 30 30 30 30 1c 34 30 00 0c 30 30 30 30 30 30 30 33 31 32 30 30 1c 34 31 00 0c 30 30 30 30 30 30 30 30 30 30 30 30 1c 38 30 00 0c 30 30 30 30 30 30 30 30 30 30 30 30 1c 34 32 00 0a 4b 49 4f 53 4b 4f 5f 36 30 32 1c 34 35 00 08 30 30 30 41 37 55 43 35 1c 35 33 00 0a 35 31 35 32 30 30 20 20 20 20 1c 37 37 00 17 30 31 30 31 30 37 33 30 38 20 20 20 20 20 20 20 20 20 20 20 20 20 20 1c 38 31 00 0c 30 30 30 30 30 30 30 30 30 30 30 30 1c 38 32 00 0c 30 30 30 30 30 30 30 30 30 30 30 30 1c 38 33 00 0c 64 61 74 61 66 30 30 31 20 20 20 20 1c 38 34 00 00 03 c3  
30-Apr-2019 10:28:24.144 DEBUG com.visa.tef.controller.comm.TEFAuthorizationWorker.trace(TEFAuthorizationWorker.java:282) [dataf001: RECV] 00 01 06  
30-Apr-2019 10:28:37.607 DEBUG com.visa.tef.controller.comm.TEFAuthorizationWorker.trace(TEFAuthorizationWorker.java:282) [dataf001: RECV] 01 2d 02 02 96 36 30 30 30 30 30 30 30 30 30 31 32 30 30 30 30 30 1c 30 31 00 06 20 20 20 20 20 20 1c 34 30 00 0c 30 30 30 30 30 30 30 33 31 32 30 30 1c 34 31 00 0c 30 30 30 30 30 30 30 30 30 30 30 30 1c 38 30 00 0c 30 30 30 30 30 30 30 30 30 30 30 30 1c 34 33 00 06 30 30 30 30 30 30 1c 34 34 00 06 30 30 30 30 30 30 1c 34 35 00 08 30 30 30 30 30 30 30 30 1c 34 36 00 06 30 30 30 30 30 30 1c 34 37 00 04 30 30 30 30 1c 34 38 00 02 58 58 1c 34 39 00 0a 4d 41 53 54 45 52 43 41 52 44 1c 35 30 00 02 44 42 1c 35 31 00 02 30 30 1c 35 34 00 04 34 30 33 36 1c 37 35 00 06 35 33 30 36 39 31 1c 37 36 00 04 31 31 32 33 1c 37 37 00 17 30 31 30 31 30 37 33 30 38 20 20 20 20 20 20 20 20 20 20 20 20 20 20 1c 37 38 00 17 43 61 6c 6c 65 20 36 34 20 32 31 2d 30 35 20 20 20 20 20 20 20 20 20 1c 37 39 00 02 30 30 1c 38 35 00 0c 30 30 30 30 30 30 30 30 30 30 30 30 1c 38 36 00 0c 30 30 30 30 30 30 30 30 30 30 30 30 03 c9  
30-Apr-2019 10:28:37.607 DEBUG com.visa.tef.controller.comm.TEFAuthorizationWorker.trace(TEFAuthorizationWorker.java:282) [dataf001: SEND] 00 01 06  
30-Apr-2019 10:28:37.607 INFO com.visa.tef.controller.TEFTransactionManager.getTEFAuthorization(TEFTransactionManager.java:322) RESPONSE_dataf001: 02,      ,000000031200,000000000000,000000000000,KIOSKO_602,000000,000000,00000000,000000,0000,XX,MASTERCARD,DB,00,515200    ,4036,530691,1123,010107308              ,Calle 64 21-05         ,00,000000000000,000000000000 
30-Apr-2019 10:28:45.279 INFO com.visa.tef.controller.TEFTransactionManager.getTEFAuthorization(TEFTransactionManager.java:172) REQUEST__dataf001: 01,31200,0,0,KIOSKO_602,000A7UDV,515200,010811792,0,0,dataf001,1c 
30-Apr-2019 10:28:52.939 DEBUG com.visa.tef.controller.comm.TEFAuthorizationWorker.trace(TEFAuthorizationWorker.java:282) [dataf001: RECV] 00 65 02 00 96 36 30 30 30 30 30 30 30 30 30 31 30 30 30 20 20 30 1c 34 30 00 00 1c 34 31 00 00 1c 38 30 00 00 1c 34 32 00 00 1c 34 35 00 00 1c 35 33 00 00 1c 37 37 00 00 1c 38 31 00 00 1c 38 32 00 00 1c 38 33 00 00 1c 38 34 00 00 1c 39 35 00 13 35 33 30 36 39 31 2a 2a 2a 2a 2a 2a 2a 2a 2a 2a 20 20 20 03 99  
30-Apr-2019 10:28:52.939 DEBUG com.visa.tef.controller.comm.TEFAuthorizationWorker.trace(TEFAuthorizationWorker.java:282) [dataf001: SEND] 00 01 06  
30-Apr-2019 10:28:52.955 DEBUG com.visa.tef.controller.comm.TEFAuthorizationWorker.trace(TEFAuthorizationWorker.java:282) [dataf001: SEND] 00 c8 02 01 95 36 30 30 30 30 30 30 30 30 30 31 30 30 30 30 30 30 1c 34 30 00 0c 30 30 30 30 30 30 30 33 31 32 30 30 1c 34 31 00 0c 30 30 30 30 30 30 30 30 30 30 30 30 1c 38 30 00 0c 30 30 30 30 30 30 30 30 30 30 30 30 1c 34 32 00 0a 4b 49 4f 53 4b 4f 5f 36 30 32 1c 34 35 00 08 30 30 30 41 37 55 44 56 1c 35 33 00 0a 35 31 35 32 30 30 20 20 20 20 1c 37 37 00 17 30 31 30 38 31 31 37 39 32 20 20 20 20 20 20 20 20 20 20 20 20 20 20 1c 38 31 00 0c 30 30 30 30 30 30 30 30 30 30 30 30 1c 38 32 00 0c 30 30 30 30 30 30 30 30 30 30 30 30 1c 38 33 00 0c 64 61 74 61 66 30 30 31 20 20 20 20 1c 38 34 00 00 03 ae  
30-Apr-2019 10:28:53.740 DEBUG com.visa.tef.controller.comm.TEFAuthorizationWorker.trace(TEFAuthorizationWorker.java:282) [dataf001: RECV] 00 01 06  
30-Apr-2019 10:29:19.745 DEBUG com.visa.tef.controller.comm.TEFAuthorizationWorker.trace(TEFAuthorizationWorker.java:282) [dataf001: RECV] 01 45 02 03 20 36 30 30 30 30 30 30 30 30 30 31 32 30 30 30 30 30 1c 30 31 00 06 20 20 20 20 20 20 1c 34 30 00 0c 30 30 30 30 30 30 30 33 31 32 30 30 1c 34 31 00 0c 30 30 30 30 30 30 30 30 30 30 30 30 1c 38 30 00 0c 30 30 30 30 30 30 30 30 30 30 30 30 1c 34 33 00 06 30 30 30 33 35 37 1c 34 34 00 06 30 30 30 30 30 30 1c 34 35 00 08 30 30 30 41 37 55 44 56 1c 34 36 00 06 31 39 30 34 33 30 1c 34 37 00 04 31 30 32 39 1c 34 38 00 02 58 58 1c 34 39 00 0a 4d 41 53 54 45 52 43 41 52 44 1c 35 30 00 02 44 42 1c 35 31 00 02 30 30 1c 35 34 00 04 34 30 33 36 1c 37 35 00 06 35 33 30 36 39 31 1c 37 36 00 04 32 33 31 31 1c 37 37 00 17 30 31 30 38 31 31 37 39 32 20 20 20 20 20 20 20 20 20 20 20 20 20 20 1c 37 38 00 17 41 37 55 43 35 20 20 20 20 20 20 20 20 20 20 20 20 20 20 20 20 20 20 1c 37 39 00 02 30 30 1c 38 35 00 0c 30 30 30 30 30 30 30 30 30 30 30 30 1c 38 36 00 0c 30 30 30 30 30 30 30 30 30 30 30 30 1c 39 35 00 13 35 33 30 36 39 31 2a 2a 2a 2a 2a 2a 2a 2a 2a 2a 20 20 20 03 42  
30-Apr-2019 10:29:19.760 DEBUG com.visa.tef.controller.comm.TEFAuthorizationWorker.trace(TEFAuthorizationWorker.java:282) [dataf001: SEND] 00 01 06  
30-Apr-2019 10:29:19.760 INFO com.visa.tef.controller.TEFTransactionManager.getTEFAuthorization(TEFTransactionManager.java:322) RESPONSE_dataf001: 02,      ,000000031200,000000000000,000000000000,KIOSKO_602,000357,000000,000A7UDV,190430,1029,XX,MASTERCARD,DB,00,515200    ,4036,530691,2311,010811792              ,A7UC5                  ,00,000000000000,000000000000 
30-Apr-2019 10:30:04.933 INFO com.visa.tef.controller.TEFTransactionManager.getTEFAuthorization(TEFTransactionManager.java:172) REQUEST__dataf001: 01,31200,0,0,KIOSKO_602,000A7UC5,923150,010107308,0,0,dataf001,7e 
30-Apr-2019 10:30:14.393 DEBUG com.visa.tef.controller.comm.TEFAuthorizationWorker.trace(TEFAuthorizationWorker.java:282) [dataf001: RECV] 00 65 02 00 96 36 30 30 30 30 30 30 30 30 30 31 30 30 30 20 20 30 1c 34 30 00 00 1c 34 31 00 00 1c 38 30 00 00 1c 34 32 00 00 1c 34 35 00 00 1c 35 33 00 00 1c 37 37 00 00 1c 38 31 00 00 1c 38 32 00 00 1c 38 33 00 00 1c 38 34 00 00 1c 39 35 00 13 35 38 39 35 31 34 2a 2a 2a 2a 2a 2a 2a 2a 2a 2a 2a 2a 2a 03 9f  
30-Apr-2019 10:30:14.393 DEBUG com.visa.tef.controller.comm.TEFAuthorizationWorker.trace(TEFAuthorizationWorker.java:282) [dataf001: SEND] 00 01 06  
30-Apr-2019 10:30:14.393 DEBUG com.visa.tef.controller.comm.TEFAuthorizationWorker.trace(TEFAuthorizationWorker.java:282) [dataf001: SEND] 00 c8 02 01 95 36 30 30 30 30 30 30 30 30 30 31 30 30 30 30 30 30 1c 34 30 00 0c 30 30 30 30 30 30 30 33 31 32 30 30 1c 34 31 00 0c 30 30 30 30 30 30 30 30 30 30 30 30 1c 38 30 00 0c 30 30 30 30 30 30 30 30 30 30 30 30 1c 34 32 00 0a 4b 49 4f 53 4b 4f 5f 36 30 32 1c 34 35 00 08 30 30 30 41 37 55 43 35 1c 35 33 00 0a 39 32 33 31 35 30 20 20 20 20 1c 37 37 00 17 30 31 30 31 30 37 33 30 38 20 20 20 20 20 20 20 20 20 20 20 20 20 20 1c 38 31 00 0c 30 30 30 30 30 30 30 30 30 30 30 30 1c 38 32 00 0c 30 30 30 30 30 30 30 30 30 30 30 30 1c 38 33 00 0c 64 61 74 61 66 30 30 31 20 20 20 20 1c 38 34 00 00 03 cc  
30-Apr-2019 10:30:15.173 DEBUG com.visa.tef.controller.comm.TEFAuthorizationWorker.trace(TEFAuthorizationWorker.java:282) [dataf001: RECV] 00 01 06  
30-Apr-2019 10:30:32.816 DEBUG com.visa.tef.controller.comm.TEFAuthorizationWorker.trace(TEFAuthorizationWorker.java:282) [dataf001: RECV] 01 45 02 03 20 36 30 30 30 30 30 30 30 30 30 31 32 30 30 30 30 30 1c 30 31 00 06 31 30 33 30 33 30 1c 34 30 00 0c 30 30 30 30 30 30 30 33 31 32 30 30 1c 34 31 00 0c 30 30 30 30 30 30 30 30 30 30 30 30 1c 38 30 00 0c 30 30 30 30 30 30 30 30 30 30 30 30 1c 34 33 00 06 30 30 30 33 35 38 1c 34 34 00 06 30 30 30 36 39 31 1c 34 35 00 08 30 30 30 41 37 55 43 35 1c 34 36 00 06 31 39 30 34 33 30 1c 34 37 00 04 31 30 33 30 1c 34 38 00 02 30 30 1c 34 39 00 0a 4d 41 53 54 45 52 43 41 52 44 1c 35 30 00 02 44 42 1c 35 31 00 02 30 30 1c 35 34 00 04 37 30 33 30 1c 37 35 00 06 35 38 39 35 31 34 1c 37 36 00 04 32 34 30 32 1c 37 37 00 17 30 31 30 31 30 37 33 30 38 20 20 20 20 20 20 20 20 20 20 20 20 20 20 1c 37 38 00 17 43 61 6c 6c 65 20 36 34 20 32 31 2d 30 35 20 20 20 20 20 20 20 20 20 1c 37 39 00 02 30 30 1c 38 35 00 0c 30 30 30 30 30 30 30 30 30 30 30 30 1c 38 36 00 0c 30 30 30 30 30 30 30 30 30 30 30 30 1c 39 35 00 13 35 38 39 35 31 34 2a 2a 2a 2a 2a 2a 2a 2a 2a 2a 2a 2a 2a 03 36  
30-Apr-2019 10:30:32.816 DEBUG com.visa.tef.controller.comm.TEFAuthorizationWorker.trace(TEFAuthorizationWorker.java:282) [dataf001: SEND] 00 01 06  
30-Apr-2019 10:30:32.832 INFO com.visa.tef.controller.TEFTransactionManager.getTEFAuthorization(TEFTransactionManager.java:322) RESPONSE_dataf001: 00,103030,000000031200,000000000000,000000000000,KIOSKO_602,000358,000691,000A7UC5,190430,1030,00,MASTERCARD,DB,00,923150    ,7030,589514,2402,010107308              ,Calle 64 21-05         ,00,000000000000,000000000000 
30-Apr-2019 10:31:05.364 INFO com.visa.tef.controller.TEFTransactionManager.getTEFAuthorization(TEFTransactionManager.java:172) REQUEST__dataf001: 01,31200,0,0,KIOSKO_602,000A7UC5,210525,010107308,0,0,dataf001,73 
30-Apr-2019 10:31:19.066 DEBUG com.visa.tef.controller.comm.TEFAuthorizationWorker.trace(TEFAuthorizationWorker.java:282) [dataf001: RECV] 00 65 02 00 96 36 30 30 30 30 30 30 30 30 30 31 30 30 30 20 20 30 1c 34 30 00 00 1c 34 31 00 00 1c 38 30 00 00 1c 34 32 00 00 1c 34 35 00 00 1c 35 33 00 00 1c 37 37 00 00 1c 38 31 00 00 1c 38 32 00 00 1c 38 33 00 00 1c 38 34 00 00 1c 39 35 00 13 35 33 30 36 39 31 2a 2a 2a 2a 2a 2a 2a 2a 2a 2a 20 20 20 03 99  
30-Apr-2019 10:31:19.066 DEBUG com.visa.tef.controller.comm.TEFAuthorizationWorker.trace(TEFAuthorizationWorker.java:282) [dataf001: SEND] 00 01 06  
30-Apr-2019 10:31:19.066 DEBUG com.visa.tef.controller.comm.TEFAuthorizationWorker.trace(TEFAuthorizationWorker.java:282) [dataf001: SEND] 00 c8 02 01 95 36 30 30 30 30 30 30 30 30 30 31 30 30 30 30 30 30 1c 34 30 00 0c 30 30 30 30 30 30 30 33 31 32 30 30 1c 34 31 00 0c 30 30 30 30 30 30 30 30 30 30 30 30 1c 38 30 00 0c 30 30 30 30 30 30 30 30 30 30 30 30 1c 34 32 00 0a 4b 49 4f 53 4b 4f 5f 36 30 32 1c 34 35 00 08 30 30 30 41 37 55 43 35 1c 35 33 00 0a 32 31 30 35 32 35 20 20 20 20 1c 37 37 00 17 30 31 30 31 30 37 33 30 38 20 20 20 20 20 20 20 20 20 20 20 20 20 20 1c 38 31 00 0c 30 30 30 30 30 30 30 30 30 30 30 30 1c 38 32 00 0c 30 30 30 30 30 30 30 30 30 30 30 30 1c 38 33 00 0c 64 61 74 61 66 30 30 31 20 20 20 20 1c 38 34 00 00 03 c1  
30-Apr-2019 10:31:19.784 DEBUG com.visa.tef.controller.comm.TEFAuthorizationWorker.trace(TEFAuthorizationWorker.java:282) [dataf001: RECV] 00 01 06  
30-Apr-2019 10:31:39.705 DEBUG com.visa.tef.controller.comm.TEFAuthorizationWorker.trace(TEFAuthorizationWorker.java:282) [dataf001: RECV] 01 45 02 03 20 36 30 30 30 30 30 30 30 30 30 31 32 30 30 30 30 30 1c 30 31 00 06 20 20 20 20 20 20 1c 34 30 00 0c 30 30 30 30 30 30 30 33 31 32 30 30 1c 34 31 00 0c 30 30 30 30 30 30 30 30 30 30 30 30 1c 38 30 00 0c 30 30 30 30 30 30 30 30 30 30 30 30 1c 34 33 00 06 30 30 30 33 35 39 1c 34 34 00 06 30 30 30 30 30 30 1c 34 35 00 08 30 30 30 41 37 55 43 35 1c 34 36 00 06 31 39 30 34 33 30 1c 34 37 00 04 31 30 33 31 1c 34 38 00 02 58 58 1c 34 39 00 0a 4d 41 53 54 45 52 43 41 52 44 1c 35 30 00 02 44 42 1c 35 31 00 02 30 30 1c 35 34 00 04 34 30 33 36 1c 37 35 00 06 35 33 30 36 39 31 1c 37 36 00 04 32 33 31 31 1c 37 37 00 17 30 31 30 31 30 37 33 30 38 20 20 20 20 20 20 20 20 20 20 20 20 20 20 1c 37 38 00 17 43 61 6c 6c 65 20 36 34 20 32 31 2d 30 35 20 20 20 20 20 20 20 20 20 1c 37 39 00 02 30 30 1c 38 35 00 0c 30 30 30 30 30 30 30 30 30 30 30 30 1c 38 36 00 0c 30 30 30 30 30 30 30 30 30 30 30 30 1c 39 35 00 13 35 33 30 36 39 31 2a 2a 2a 2a 2a 2a 2a 2a 2a 2a 20 20 20 03 33  
30-Apr-2019 10:31:39.705 DEBUG com.visa.tef.controller.comm.TEFAuthorizationWorker.trace(TEFAuthorizationWorker.java:282) [dataf001: SEND] 00 01 06  
30-Apr-2019 10:31:39.705 INFO com.visa.tef.controller.TEFTransactionManager.getTEFAuthorization(TEFTransactionManager.java:322) RESPONSE_dataf001: 02,      ,000000031200,000000000000,000000000000,KIOSKO_602,000359,000000,000A7UC5,190430,1031,XX,MASTERCARD,DB,00,210525    ,4036,530691,2311,010107308              ,Calle 64 21-05         ,00,000000000000,000000000000 
30-Apr-2019 10:47:27.569 INFO com.visa.tef.controller.TEFTransactionManager.getTEFAuthorization(TEFTransactionManager.java:172) REQUEST__dataf001: 01,31200,0,0,KIOSKO_602,000A7UC5,451235,010107308,0,0,dataf001,76 
30-Apr-2019 10:47:40.441 DEBUG com.visa.tef.controller.comm.TEFAuthorizationWorker.trace(TEFAuthorizationWorker.java:282) [dataf001: RECV] 00 65 02 00 96 36 30 30 30 30 30 30 30 30 30 31 30 30 30 20 20 30 1c 34 30 00 00 1c 34 31 00 00 1c 38 30 00 00 1c 34 32 00 00 1c 34 35 00 00 1c 35 33 00 00 1c 37 37 00 00 1c 38 31 00 00 1c 38 32 00 00 1c 38 33 00 00 1c 38 34 00 00 1c 39 35 00 13 36 30 31 36 36 30 2a 2a 2a 2a 2a 2a 2a 2a 2a 2a 20 20 20 03 96  
30-Apr-2019 10:47:40.441 DEBUG com.visa.tef.controller.comm.TEFAuthorizationWorker.trace(TEFAuthorizationWorker.java:282) [dataf001: SEND] 00 01 06  
30-Apr-2019 10:47:40.441 DEBUG com.visa.tef.controller.comm.TEFAuthorizationWorker.trace(TEFAuthorizationWorker.java:282) [dataf001: SEND] 00 c8 02 01 95 36 30 30 30 30 30 30 30 30 30 31 30 30 30 30 30 30 1c 34 30 00 0c 30 30 30 30 30 30 30 33 31 32 30 30 1c 34 31 00 0c 30 30 30 30 30 30 30 30 30 30 30 30 1c 38 30 00 0c 30 30 30 30 30 30 30 30 30 30 30 30 1c 34 32 00 0a 4b 49 4f 53 4b 4f 5f 36 30 32 1c 34 35 00 08 30 30 30 41 37 55 43 35 1c 35 33 00 0a 34 35 31 32 33 35 20 20 20 20 1c 37 37 00 17 30 31 30 31 30 37 33 30 38 20 20 20 20 20 20 20 20 20 20 20 20 20 20 1c 38 31 00 0c 30 30 30 30 30 30 30 30 30 30 30 30 1c 38 32 00 0c 30 30 30 30 30 30 30 30 30 30 30 30 1c 38 33 00 0c 64 61 74 61 66 30 30 31 20 20 20 20 1c 38 34 00 00 03 c4  
30-Apr-2019 10:47:41.221 DEBUG com.visa.tef.controller.comm.TEFAuthorizationWorker.trace(TEFAuthorizationWorker.java:282) [dataf001: RECV] 00 01 06  
30-Apr-2019 10:48:11.236 ERROR com.visa.tef.controller.TEFTransactionManager.getTEFAuthorization(TEFTransactionManager.java:284) ERROR_dataf001 
com.visa.tef.exception.TefException: ERROR_TIME_OUT
	at com.visa.tef.controller.comm.TEFAuthorizationWorker.receiveRequest(TEFAuthorizationWorker.java:67)
	at com.visa.tef.controller.comm.TEFAuthorizationWorker.sendMessage(TEFAuthorizationWorker.java:164)
	at com.visa.tef.controller.TEFTransactionManager.getTEFAuthorization(TEFTransactionManager.java:254)
	at com.visa.tef.controller.TEFWorker.processRequest(TEFWorker.java:73)
	at com.visa.tef.controller.TEFWorker.run(TEFWorker.java:49)
30-Apr-2019 10:48:11.236 INFO com.visa.tef.controller.TEFTransactionManager.getTEFAuthorization(TEFTransactionManager.java:322) RESPONSE_dataf001: 03,,000000031200,000000000000,000000000000,KIOSKO_602,,,000A7UC5,,,,,,,451235    ,,,,010107308              ,,,, 
30-Apr-2019 11:13:33.502 INFO com.visa.tef.controller.TEFTransactionManager.getTEFAuthorization(TEFTransactionManager.java:172) REQUEST__dataf001: 01,31200,0,0,KIOSKO_602,000A7UC5,902858,010107308,0,0,dataf001,7c 
30-Apr-2019 11:13:33.504 DEBUG com.visa.tef.controller.comm.TEFAuthorizationWorker.trace(TEFAuthorizationWorker.java:282) [dataf001: RECV] 00 65 02 00 96 36 30 30 30 30 30 30 30 30 30 31 30 30 30 20 20 30 1c 34 30 00 00 1c 34 31 00 00 1c 38 30 00 00 1c 34 32 00 00 1c 34 35 00 00 1c 35 33 00 00 1c 37 37 00 00 1c 38 31 00 00 1c 38 32 00 00 1c 38 33 00 00 1c 38 34 00 00 1c 39 35 00 13 2a 20 20 20 20 20 20 20 20 20 20 20 20 20 20 20 20 20 20 03 9b  
30-Apr-2019 11:13:33.505 DEBUG com.visa.tef.controller.comm.TEFAuthorizationWorker.trace(TEFAuthorizationWorker.java:282) [dataf001: SEND] 00 01 06  
30-Apr-2019 11:13:33.506 DEBUG com.visa.tef.controller.comm.TEFAuthorizationWorker.trace(TEFAuthorizationWorker.java:282) [dataf001: SEND] 00 c8 02 01 95 36 30 30 30 30 30 30 30 30 30 31 30 30 30 30 30 30 1c 34 30 00 0c 30 30 30 30 30 30 30 33 31 32 30 30 1c 34 31 00 0c 30 30 30 30 30 30 30 30 30 30 30 30 1c 38 30 00 0c 30 30 30 30 30 30 30 30 30 30 30 30 1c 34 32 00 0a 4b 49 4f 53 4b 4f 5f 36 30 32 1c 34 35 00 08 30 30 30 41 37 55 43 35 1c 35 33 00 0a 39 30 32 38 35 38 20 20 20 20 1c 37 37 00 17 30 31 30 31 30 37 33 30 38 20 20 20 20 20 20 20 20 20 20 20 20 20 20 1c 38 31 00 0c 30 30 30 30 30 30 30 30 30 30 30 30 1c 38 32 00 0c 30 30 30 30 30 30 30 30 30 30 30 30 1c 38 33 00 0c 64 61 74 61 66 30 30 31 20 20 20 20 1c 38 34 00 00 03 ce  
30-Apr-2019 11:13:33.506 ERROR com.visa.tef.controller.comm.TEFAuthorizationWorker.sendData(TEFAuthorizationWorker.java:128) ERROR_dataf001 
java.net.SocketException: Software caused connection abort: socket write error
	at java.net.SocketOutputStream.socketWrite0(Native Method)
	at java.net.SocketOutputStream.socketWrite(Unknown Source)
	at java.net.SocketOutputStream.write(Unknown Source)
	at java.io.BufferedOutputStream.flushBuffer(Unknown Source)
	at java.io.BufferedOutputStream.flush(Unknown Source)
	at com.visa.tef.controller.comm.TEFAuthorizationWorker.sendData(TEFAuthorizationWorker.java:124)
	at com.visa.tef.controller.comm.TEFAuthorizationWorker.sendFormattedData(TEFAuthorizationWorker.java:136)
	at com.visa.tef.controller.comm.TEFAuthorizationWorker.sendMessage(TEFAuthorizationWorker.java:143)
	at com.visa.tef.controller.TEFTransactionManager.getTEFAuthorization(TEFTransactionManager.java:254)
	at com.visa.tef.controller.TEFWorker.processRequest(TEFWorker.java:73)
	at com.visa.tef.controller.TEFWorker.run(TEFWorker.java:49)
30-Apr-2019 11:13:33.508 ERROR com.visa.tef.controller.TEFTransactionManager.getTEFAuthorization(TEFTransactionManager.java:284) ERROR_dataf001 
com.visa.tef.exception.TefException: ERROR_ENVIANDO_DATA
	at com.visa.tef.controller.comm.TEFAuthorizationWorker.sendData(TEFAuthorizationWorker.java:129)
	at com.visa.tef.controller.comm.TEFAuthorizationWorker.sendFormattedData(TEFAuthorizationWorker.java:136)
	at com.visa.tef.controller.comm.TEFAuthorizationWorker.sendMessage(TEFAuthorizationWorker.java:143)
	at com.visa.tef.controller.TEFTransactionManager.getTEFAuthorization(TEFTransactionManager.java:254)
	at com.visa.tef.controller.TEFWorker.processRequest(TEFWorker.java:73)
	at com.visa.tef.controller.TEFWorker.run(TEFWorker.java:49)
30-Apr-2019 11:13:33.511 INFO com.visa.tef.controller.TEFTransactionManager.getTEFAuthorization(TEFTransactionManager.java:322) RESPONSE_dataf001: 03,,000000031200,000000000000,000000000000,KIOSKO_602,,,000A7UC5,,,,,,,902858    ,,,,010107308              ,,,, 
30-Apr-2019 11:15:41.401 INFO com.visa.tef.controller.TEFTransactionManager.getTEFAuthorization(TEFTransactionManager.java:172) REQUEST__dataf001: 01,31200,0,0,KIOSKO_602,000A7UC5,672341,010107308,0,0,dataf001,77 
30-Apr-2019 11:15:56.893 DEBUG com.visa.tef.controller.comm.TEFAuthorizationWorker.trace(TEFAuthorizationWorker.java:282) [dataf001: RECV] 00 65 02 00 96 36 30 30 30 30 30 30 30 30 30 31 30 30 30 20 20 30 1c 34 30 00 00 1c 34 31 00 00 1c 38 30 00 00 1c 34 32 00 00 1c 34 35 00 00 1c 35 33 00 00 1c 37 37 00 00 1c 38 31 00 00 1c 38 32 00 00 1c 38 33 00 00 1c 38 34 00 00 1c 39 35 00 13 36 30 31 36 36 30 2a 2a 2a 2a 2a 2a 2a 2a 2a 2a 20 20 20 03 96  
30-Apr-2019 11:15:56.893 DEBUG com.visa.tef.controller.comm.TEFAuthorizationWorker.trace(TEFAuthorizationWorker.java:282) [dataf001: SEND] 00 01 06  
30-Apr-2019 11:15:56.898 DEBUG com.visa.tef.controller.comm.TEFAuthorizationWorker.trace(TEFAuthorizationWorker.java:282) [dataf001: SEND] 00 c8 02 01 95 36 30 30 30 30 30 30 30 30 30 31 30 30 30 30 30 30 1c 34 30 00 0c 30 30 30 30 30 30 30 33 31 32 30 30 1c 34 31 00 0c 30 30 30 30 30 30 30 30 30 30 30 30 1c 38 30 00 0c 30 30 30 30 30 30 30 30 30 30 30 30 1c 34 32 00 0a 4b 49 4f 53 4b 4f 5f 36 30 32 1c 34 35 00 08 30 30 30 41 37 55 43 35 1c 35 33 00 0a 36 37 32 33 34 31 20 20 20 20 1c 37 37 00 17 30 31 30 31 30 37 33 30 38 20 20 20 20 20 20 20 20 20 20 20 20 20 20 1c 38 31 00 0c 30 30 30 30 30 30 30 30 30 30 30 30 1c 38 32 00 0c 30 30 30 30 30 30 30 30 30 30 30 30 1c 38 33 00 0c 64 61 74 61 66 30 30 31 20 20 20 20 1c 38 34 00 00 03 c5  
30-Apr-2019 11:15:57.675 DEBUG com.visa.tef.controller.comm.TEFAuthorizationWorker.trace(TEFAuthorizationWorker.java:282) [dataf001: RECV] 00 01 06  
30-Apr-2019 11:16:15.074 DEBUG com.visa.tef.controller.comm.TEFAuthorizationWorker.trace(TEFAuthorizationWorker.java:282) [dataf001: RECV] 01 45 02 03 20 36 30 30 30 30 30 30 30 30 30 31 32 30 30 30 30 30 1c 30 31 00 06 31 31 31 36 31 33 1c 34 30 00 0c 30 30 30 30 30 30 30 33 31 32 30 30 1c 34 31 00 0c 30 30 30 30 30 30 30 30 30 30 30 30 1c 38 30 00 0c 30 30 30 30 30 30 30 30 30 30 30 30 1c 34 33 00 06 30 30 30 33 36 30 1c 34 34 00 06 30 30 30 36 39 33 1c 34 35 00 08 30 30 30 41 37 55 43 35 1c 34 36 00 06 31 39 30 34 33 30 1c 34 37 00 04 31 31 31 36 1c 34 38 00 02 30 30 1c 34 39 00 0a 4d 41 53 54 45 52 43 41 52 44 1c 35 30 00 02 44 42 1c 35 31 00 02 30 30 1c 35 34 00 04 31 34 39 30 1c 37 35 00 06 36 30 31 36 36 30 1c 37 36 00 04 32 32 31 32 1c 37 37 00 17 30 31 30 31 30 37 33 30 38 20 20 20 20 20 20 20 20 20 20 20 20 20 20 1c 37 38 00 17 43 61 6c 6c 65 20 36 34 20 32 31 2d 30 35 20 20 20 20 20 20 20 20 20 1c 37 39 00 02 30 30 1c 38 35 00 0c 30 30 30 30 30 30 30 30 30 30 30 30 1c 38 36 00 0c 30 30 30 30 30 30 30 30 30 30 30 30 1c 39 35 00 13 36 30 31 36 36 30 2a 2a 2a 2a 2a 2a 2a 2a 2a 2a 20 20 20 03 3b  
30-Apr-2019 11:16:15.074 DEBUG com.visa.tef.controller.comm.TEFAuthorizationWorker.trace(TEFAuthorizationWorker.java:282) [dataf001: SEND] 00 01 06  
30-Apr-2019 11:16:15.074 INFO com.visa.tef.controller.TEFTransactionManager.getTEFAuthorization(TEFTransactionManager.java:322) RESPONSE_dataf001: 00,111613,000000031200,000000000000,000000000000,KIOSKO_602,000360,000693,000A7UC5,190430,1116,00,MASTERCARD,DB,00,672341    ,1490,601660,2212,010107308              ,Calle 64 21-05         ,00,000000000000,000000000000 
30-Apr-2019 11:24:40.483 INFO com.visa.tef.controller.TEFTransactionManager.getTEFAuthorization(TEFTransactionManager.java:172) REQUEST__dataf001: 01,31200,0,0,KIOSKO_602,000A7UC5,756600,010107308,0,0,dataf001,70 
30-Apr-2019 11:24:40.484 DEBUG com.visa.tef.controller.comm.TEFAuthorizationWorker.trace(TEFAuthorizationWorker.java:282) [dataf001: RECV] 00 65 02 00 96 36 30 30 30 30 30 30 30 30 30 31 30 30 30 20 20 30 1c 34 30 00 00 1c 34 31 00 00 1c 38 30 00 00 1c 34 32 00 00 1c 34 35 00 00 1c 35 33 00 00 1c 37 37 00 00 1c 38 31 00 00 1c 38 32 00 00 1c 38 33 00 00 1c 38 34 00 00 1c 39 35 00 13 34 33 33 34 37 37 2a 2a 2a 2a 2a 2a 2a 2a 2a 2a 20 20 20 03 91  
30-Apr-2019 11:24:40.485 DEBUG com.visa.tef.controller.comm.TEFAuthorizationWorker.trace(TEFAuthorizationWorker.java:282) [dataf001: SEND] 00 01 06  
30-Apr-2019 11:24:40.487 DEBUG com.visa.tef.controller.comm.TEFAuthorizationWorker.trace(TEFAuthorizationWorker.java:282) [dataf001: SEND] 00 c8 02 01 95 36 30 30 30 30 30 30 30 30 30 31 30 30 30 30 30 30 1c 34 30 00 0c 30 30 30 30 30 30 30 33 31 32 30 30 1c 34 31 00 0c 30 30 30 30 30 30 30 30 30 30 30 30 1c 38 30 00 0c 30 30 30 30 30 30 30 30 30 30 30 30 1c 34 32 00 0a 4b 49 4f 53 4b 4f 5f 36 30 32 1c 34 35 00 08 30 30 30 41 37 55 43 35 1c 35 33 00 0a 37 35 36 36 30 30 20 20 20 20 1c 37 37 00 17 30 31 30 31 30 37 33 30 38 20 20 20 20 20 20 20 20 20 20 20 20 20 20 1c 38 31 00 0c 30 30 30 30 30 30 30 30 30 30 30 30 1c 38 32 00 0c 30 30 30 30 30 30 30 30 30 30 30 30 1c 38 33 00 0c 64 61 74 61 66 30 30 31 20 20 20 20 1c 38 34 00 00 03 c2  
30-Apr-2019 11:24:41.294 DEBUG com.visa.tef.controller.comm.TEFAuthorizationWorker.trace(TEFAuthorizationWorker.java:282) [dataf001: RECV] 00 01 06  
30-Apr-2019 11:24:53.794 DEBUG com.visa.tef.controller.comm.TEFAuthorizationWorker.trace(TEFAuthorizationWorker.java:282) [dataf001: RECV] 01 45 02 03 20 36 30 30 30 30 30 30 30 30 30 31 32 30 30 30 30 30 1c 30 31 00 06 37 30 39 31 37 34 1c 34 30 00 0c 30 30 30 30 30 30 30 33 31 32 30 30 1c 34 31 00 0c 30 30 30 30 30 30 30 30 30 30 30 30 1c 38 30 00 0c 30 30 30 30 30 30 30 30 30 30 30 30 1c 34 33 00 06 30 30 30 33 36 31 1c 34 34 00 06 30 30 30 36 39 34 1c 34 35 00 08 30 30 30 41 37 55 43 35 1c 34 36 00 06 31 39 30 34 33 30 1c 34 37 00 04 31 31 32 34 1c 34 38 00 02 30 30 1c 34 39 00 0a 56 49 53 41 20 20 20 20 20 20 1c 35 30 00 02 45 4c 1c 35 31 00 02 30 30 1c 35 34 00 04 31 33 34 37 1c 37 35 00 06 34 33 33 34 37 37 1c 37 36 00 04 32 32 30 33 1c 37 37 00 17 30 31 30 31 30 37 33 30 38 20 20 20 20 20 20 20 20 20 20 20 20 20 20 1c 37 38 00 17 43 61 6c 6c 65 20 36 34 20 32 31 2d 30 35 20 20 20 20 20 20 20 20 20 1c 37 39 00 02 30 30 1c 38 35 00 0c 30 30 30 30 30 30 30 30 30 30 30 30 1c 38 36 00 0c 30 30 30 30 30 30 30 30 30 30 30 30 1c 39 35 00 13 34 33 33 34 37 37 2a 2a 2a 2a 2a 2a 2a 2a 2a 2a 20 20 20 03 32  
30-Apr-2019 11:24:53.794 DEBUG com.visa.tef.controller.comm.TEFAuthorizationWorker.trace(TEFAuthorizationWorker.java:282) [dataf001: SEND] 00 01 06  
30-Apr-2019 11:24:53.794 INFO com.visa.tef.controller.TEFTransactionManager.getTEFAuthorization(TEFTransactionManager.java:322) RESPONSE_dataf001: 00,709174,000000031200,000000000000,000000000000,KIOSKO_602,000361,000694,000A7UC5,190430,1124,00,VISA      ,EL,00,756600    ,1347,433477,2203,010107308              ,Calle 64 21-05         ,00,000000000000,000000000000 
